This is pdfTeX, Version 3.1415926-2.4-1.40.13 (TeX Live 2012) (format=pdflatex 2012.6.30)  22 DEC 2013 23:12
entering extended mode
 restricted \write18 enabled.
 file:line:error style messages enabled.
 %&-line parsing enabled.
**cladeage.tex
(./cladeage.tex
LaTeX2e <2011/06/27>
Babel <v3.8m> and hyphenation patterns for english, dumylang, nohyphenation, ge
rman-x-2012-05-30, ngerman-x-2012-05-30, afrikaans, ancientgreek, ibycus, arabi
c, armenian, basque, bulgarian, catalan, pinyin, coptic, croatian, czech, danis
h, dutch, ukenglish, usenglishmax, esperanto, estonian, ethiopic, farsi, finnis
h, french, friulan, galician, german, ngerman, swissgerman, monogreek, greek, h
ungarian, icelandic, assamese, bengali, gujarati, hindi, kannada, malayalam, ma
rathi, oriya, panjabi, tamil, telugu, indonesian, interlingua, irish, italian, 
kurmanji, latin, latvian, lithuanian, mongolian, mongolianlmc, bokmal, nynorsk,
 polish, portuguese, romanian, romansh, russian, sanskrit, serbian, serbianc, s
lovak, slovenian, spanish, swedish, turkish, turkmen, ukrainian, uppersorbian, 
welsh, loaded.
(/usr/local/texlive/2012/texmf-dist/tex/latex/base/article.cls
Document Class: article 2007/10/19 v1.4h Standard LaTeX document class
(/usr/local/texlive/2012/texmf-dist/tex/latex/base/size10.clo
File: size10.clo 2007/10/19 v1.4h Standard LaTeX file (size option)
)
\c@part=\count79
\c@section=\count80
\c@subsection=\count81
\c@subsubsection=\count82
\c@paragraph=\count83
\c@subparagraph=\count84
\c@figure=\count85
\c@table=\count86
\abovecaptionskip=\skip41
\belowcaptionskip=\skip42
\bibindent=\dimen102
)
(/usr/local/texlive/2012/texmf-dist/tex/latex/amsmath/amsmath.sty
Package: amsmath 2000/07/18 v2.13 AMS math features
\@mathmargin=\skip43

For additional information on amsmath, use the `?' option.
(/usr/local/texlive/2012/texmf-dist/tex/latex/amsmath/amstext.sty
Package: amstext 2000/06/29 v2.01

(/usr/local/texlive/2012/texmf-dist/tex/latex/amsmath/amsgen.sty
File: amsgen.sty 1999/11/30 v2.0
\@emptytoks=\toks14
\ex@=\dimen103
))
(/usr/local/texlive/2012/texmf-dist/tex/latex/amsmath/amsbsy.sty
Package: amsbsy 1999/11/29 v1.2d
\pmbraise@=\dimen104
)
(/usr/local/texlive/2012/texmf-dist/tex/latex/amsmath/amsopn.sty
Package: amsopn 1999/12/14 v2.01 operator names
)
\inf@bad=\count87
LaTeX Info: Redefining \frac on input line 211.
\uproot@=\count88
\leftroot@=\count89
LaTeX Info: Redefining \overline on input line 307.
\classnum@=\count90
\DOTSCASE@=\count91
LaTeX Info: Redefining \ldots on input line 379.
LaTeX Info: Redefining \dots on input line 382.
LaTeX Info: Redefining \cdots on input line 467.
\Mathstrutbox@=\box26
\strutbox@=\box27
\big@size=\dimen105
LaTeX Font Info:    Redeclaring font encoding OML on input line 567.
LaTeX Font Info:    Redeclaring font encoding OMS on input line 568.
\macc@depth=\count92
\c@MaxMatrixCols=\count93
\dotsspace@=\muskip10
\c@parentequation=\count94
\dspbrk@lvl=\count95
\tag@help=\toks15
\row@=\count96
\column@=\count97
\maxfields@=\count98
\andhelp@=\toks16
\eqnshift@=\dimen106
\alignsep@=\dimen107
\tagshift@=\dimen108
\tagwidth@=\dimen109
\totwidth@=\dimen110
\lineht@=\dimen111
\@envbody=\toks17
\multlinegap=\skip44
\multlinetaggap=\skip45
\mathdisplay@stack=\toks18
LaTeX Info: Redefining \[ on input line 2666.
LaTeX Info: Redefining \] on input line 2667.
)
(/usr/local/texlive/2012/texmf-dist/tex/latex/hyperref/hyperref.sty
Package: hyperref 2012/05/13 v6.82q Hypertext links for LaTeX

(/usr/local/texlive/2012/texmf-dist/tex/generic/oberdiek/hobsub-hyperref.sty
Package: hobsub-hyperref 2012/05/28 v1.13 Bundle oberdiek, subset hyperref (HO)


(/usr/local/texlive/2012/texmf-dist/tex/generic/oberdiek/hobsub-generic.sty
Package: hobsub-generic 2012/05/28 v1.13 Bundle oberdiek, subset generic (HO)
Package: hobsub 2012/05/28 v1.13 Construct package bundles (HO)
Package: infwarerr 2010/04/08 v1.3 Providing info/warning/error messages (HO)
Package: ltxcmds 2011/11/09 v1.22 LaTeX kernel commands for general use (HO)
Package: ifluatex 2010/03/01 v1.3 Provides the ifluatex switch (HO)
Package ifluatex Info: LuaTeX not detected.
Package: ifvtex 2010/03/01 v1.5 Detect VTeX and its facilities (HO)
Package ifvtex Info: VTeX not detected.
Package: intcalc 2007/09/27 v1.1 Expandable calculations with integers (HO)
Package: ifpdf 2011/01/30 v2.3 Provides the ifpdf switch (HO)
Package ifpdf Info: pdfTeX in PDF mode is detected.
Package: etexcmds 2011/02/16 v1.5 Avoid name clashes with e-TeX commands (HO)
Package etexcmds Info: Could not find \expanded.
(etexcmds)             That can mean that you are not using pdfTeX 1.50 or
(etexcmds)             that some package has redefined \expanded.
(etexcmds)             In the latter case, load this package earlier.
Package: kvsetkeys 2012/04/25 v1.16 Key value parser (HO)
Package: kvdefinekeys 2011/04/07 v1.3 Define keys (HO)
Package: pdftexcmds 2011/11/29 v0.20 Utility functions of pdfTeX for LuaTeX (HO
)
Package pdftexcmds Info: LuaTeX not detected.
Package pdftexcmds Info: \pdf@primitive is available.
Package pdftexcmds Info: \pdf@ifprimitive is available.
Package pdftexcmds Info: \pdfdraftmode found.
Package: pdfescape 2011/11/25 v1.13 Implements pdfTeX's escape features (HO)
Package: bigintcalc 2012/04/08 v1.3 Expandable calculations on big integers (HO
)
Package: bitset 2011/01/30 v1.1 Handle bit-vector datatype (HO)
Package: uniquecounter 2011/01/30 v1.2 Provide unlimited unique counter (HO)
)
Package hobsub Info: Skipping package `hobsub' (already loaded).
Package: letltxmacro 2010/09/02 v1.4 Let assignment for LaTeX macros (HO)
Package: hopatch 2012/05/28 v1.2 Wrapper for package hooks (HO)
Package: xcolor-patch 2011/01/30 xcolor patch
Package: atveryend 2011/06/30 v1.8 Hooks at the very end of document (HO)
Package atveryend Info: \enddocument detected (standard20110627).
Package: atbegshi 2011/10/05 v1.16 At begin shipout hook (HO)
Package: refcount 2011/10/16 v3.4 Data extraction from label references (HO)
Package: hycolor 2011/01/30 v1.7 Color options for hyperref/bookmark (HO)
)
(/usr/local/texlive/2012/texmf-dist/tex/latex/graphics/keyval.sty
Package: keyval 1999/03/16 v1.13 key=value parser (DPC)
\KV@toks@=\toks19
)
(/usr/local/texlive/2012/texmf-dist/tex/generic/ifxetex/ifxetex.sty
Package: ifxetex 2010/09/12 v0.6 Provides ifxetex conditional
)
(/usr/local/texlive/2012/texmf-dist/tex/latex/oberdiek/kvoptions.sty
Package: kvoptions 2011/06/30 v3.11 Key value format for package options (HO)
)
\@linkdim=\dimen112
\Hy@linkcounter=\count99
\Hy@pagecounter=\count100

(/usr/local/texlive/2012/texmf-dist/tex/latex/hyperref/pd1enc.def
File: pd1enc.def 2012/05/13 v6.82q Hyperref: PDFDocEncoding definition (HO)
)
\Hy@SavedSpaceFactor=\count101

(/usr/local/texlive/2012/texmf-dist/tex/latex/latexconfig/hyperref.cfg
File: hyperref.cfg 2002/06/06 v1.2 hyperref configuration of TeXLive
)
Package hyperref Info: Hyper figures OFF on input line 4062.
Package hyperref Info: Link nesting OFF on input line 4067.
Package hyperref Info: Hyper index ON on input line 4070.
Package hyperref Info: Plain pages OFF on input line 4077.
Package hyperref Info: Backreferencing OFF on input line 4082.
Package hyperref Info: Implicit mode ON; LaTeX internals redefined.
Package hyperref Info: Bookmarks ON on input line 4300.
\c@Hy@tempcnt=\count102

(/usr/local/texlive/2012/texmf-dist/tex/latex/url/url.sty
\Urlmuskip=\muskip11
Package: url 2006/04/12  ver 3.3  Verb mode for urls, etc.
)
LaTeX Info: Redefining \url on input line 4653.
\Fld@menulength=\count103
\Field@Width=\dimen113
\Fld@charsize=\dimen114
Package hyperref Info: Hyper figures OFF on input line 5773.
Package hyperref Info: Link nesting OFF on input line 5778.
Package hyperref Info: Hyper index ON on input line 5781.
Package hyperref Info: backreferencing OFF on input line 5788.
Package hyperref Info: Link coloring OFF on input line 5793.
Package hyperref Info: Link coloring with OCG OFF on input line 5798.
Package hyperref Info: PDF/A mode OFF on input line 5803.
LaTeX Info: Redefining \ref on input line 5843.
LaTeX Info: Redefining \pageref on input line 5847.
\Hy@abspage=\count104
\c@Item=\count105
\c@Hfootnote=\count106
)

Package hyperref Message: Driver (autodetected): hpdftex.

(/usr/local/texlive/2012/texmf-dist/tex/latex/hyperref/hpdftex.def
File: hpdftex.def 2012/05/13 v6.82q Hyperref driver for pdfTeX
\Fld@listcount=\count107
\c@bookmark@seq@number=\count108

(/usr/local/texlive/2012/texmf-dist/tex/latex/oberdiek/rerunfilecheck.sty
Package: rerunfilecheck 2011/04/15 v1.7 Rerun checks for auxiliary files (HO)
Package uniquecounter Info: New unique counter `rerunfilecheck' on input line 2
82.
)
\Hy@SectionHShift=\skip46
)
(/usr/local/texlive/2012/texmf-dist/tex/latex/graphics/graphicx.sty
Package: graphicx 1999/02/16 v1.0f Enhanced LaTeX Graphics (DPC,SPQR)

(/usr/local/texlive/2012/texmf-dist/tex/latex/graphics/graphics.sty
Package: graphics 2009/02/05 v1.0o Standard LaTeX Graphics (DPC,SPQR)

(/usr/local/texlive/2012/texmf-dist/tex/latex/graphics/trig.sty
Package: trig 1999/03/16 v1.09 sin cos tan (DPC)
)
(/usr/local/texlive/2012/texmf-dist/tex/latex/latexconfig/graphics.cfg
File: graphics.cfg 2010/04/23 v1.9 graphics configuration of TeX Live
)
Package graphics Info: Driver file: pdftex.def on input line 91.

(/usr/local/texlive/2012/texmf-dist/tex/latex/pdftex-def/pdftex.def
File: pdftex.def 2011/05/27 v0.06d Graphics/color for pdfTeX
\Gread@gobject=\count109
))
\Gin@req@height=\dimen115
\Gin@req@width=\dimen116
)
(./cladeage.aux)
\openout1 = `cladeage.aux'.

LaTeX Font Info:    Checking defaults for OML/cmm/m/it on input line 12.
LaTeX Font Info:    ... okay on input line 12.
LaTeX Font Info:    Checking defaults for T1/cmr/m/n on input line 12.
LaTeX Font Info:    ... okay on input line 12.
LaTeX Font Info:    Checking defaults for OT1/cmr/m/n on input line 12.
LaTeX Font Info:    ... okay on input line 12.
LaTeX Font Info:    Checking defaults for OMS/cmsy/m/n on input line 12.
LaTeX Font Info:    ... okay on input line 12.
LaTeX Font Info:    Checking defaults for OMX/cmex/m/n on input line 12.
LaTeX Font Info:    ... okay on input line 12.
LaTeX Font Info:    Checking defaults for U/cmr/m/n on input line 12.
LaTeX Font Info:    ... okay on input line 12.
LaTeX Font Info:    Checking defaults for PD1/pdf/m/n on input line 12.
LaTeX Font Info:    ... okay on input line 12.
\AtBeginShipoutBox=\box28
Package hyperref Info: Link coloring OFF on input line 12.

(/usr/local/texlive/2012/texmf-dist/tex/latex/hyperref/nameref.sty
Package: nameref 2010/04/30 v2.40 Cross-referencing by name of section

(/usr/local/texlive/2012/texmf-dist/tex/generic/oberdiek/gettitlestring.sty
Package: gettitlestring 2010/12/03 v1.4 Cleanup title references (HO)
)
\c@section@level=\count110
)
LaTeX Info: Redefining \ref on input line 12.
LaTeX Info: Redefining \pageref on input line 12.
LaTeX Info: Redefining \nameref on input line 12.

(./cladeage.out) (./cladeage.out)
\@outlinefile=\write3
\openout3 = `cladeage.out'.


(/usr/local/texlive/2012/texmf-dist/tex/context/base/supp-pdf.mkii
[Loading MPS to PDF converter (version 2006.09.02).]
\scratchcounter=\count111
\scratchdimen=\dimen117
\scratchbox=\box29
\nofMPsegments=\count112
\nofMParguments=\count113
\everyMPshowfont=\toks20
\MPscratchCnt=\count114
\MPscratchDim=\dimen118
\MPnumerator=\count115
\makeMPintoPDFobject=\count116
\everyMPtoPDFconversion=\toks21
) (/usr/local/texlive/2012/texmf-dist/tex/latex/oberdiek/epstopdf-base.sty
Package: epstopdf-base 2010/02/09 v2.5 Base part for package epstopdf

(/usr/local/texlive/2012/texmf-dist/tex/latex/oberdiek/grfext.sty
Package: grfext 2010/08/19 v1.1 Manage graphics extensions (HO)
)
Package grfext Info: Graphics extension search list:
(grfext)             [.png,.pdf,.jpg,.mps,.jpeg,.jbig2,.jb2,.PNG,.PDF,.JPG,.JPE
G,.JBIG2,.JB2,.eps]
(grfext)             \AppendGraphicsExtensions on input line 452.

(/usr/local/texlive/2012/texmf-dist/tex/latex/latexconfig/epstopdf-sys.cfg
File: epstopdf-sys.cfg 2010/07/13 v1.3 Configuration of (r)epstopdf for TeX Liv
e
))
<cladeage_256x256px.png, id=82, 256.96pt x 256.96pt>
File: cladeage_256x256px.png Graphic file (type png)

<use cladeage_256x256px.png>
Package pdftex.def Info: cladeage_256x256px.png used on input line 14.
(pdftex.def)             Requested size: 103.50105pt x 103.4997pt.
 (./cladeage.toc [1

{/usr/local/texlive/2012/texmf-var/fonts/map/pdftex/updmap/pdftex.map} <./clade
age_256x256px.png>])
\tf@toc=\write4
\openout4 = `cladeage.toc'.


Overfull \hbox (3.27632pt too wide) in paragraph at lines 30--34
\OT1/cmr/m/n/10 Download the dmg file linked from []$\OT1/cmtt/m/n/10 http : / 
/ beast2 . cs . auckland . ac . nz / index .
 []

<mac.png, id=122, 567.11874pt x 433.62pt>
File: mac.png Graphic file (type png)
 <use mac.png>
Package pdftex.def Info: mac.png used on input line 34.
(pdftex.def)             Requested size: 172.5pt x 131.8933pt.
 [2 <./mac.png>]
<fileManageAddOns.png, id=133, 294.701pt x 244.7325pt>
File: fileManageAddOns.png Graphic file (type png)

<use fileManageAddOns.png>
Package pdftex.def Info: fileManageAddOns.png used on input line 51.
(pdftex.def)             Requested size: 103.50105pt x 85.95265pt.
 <addonmanager.png, id=134, 507.496pt x 197.1pt>
File: addonmanager.png Graphic file (type png)

<use addonmanager.png>
Package pdftex.def Info: addonmanager.png used on input line 55.
(pdftex.def)             Requested size: 241.49895pt x 93.79189pt.

Overfull \hbox (127.49588pt too wide) in paragraph at lines 70--70
[] \OT1/cmtt/m/n/10 Usage: addonmanager [-list] [-add <NAME>] [-del <NAME>] [-u
seAppDir] [-dir <DIR>] [-help][] 
 []


Overfull \hbox (106.49606pt too wide) in paragraph at lines 70--70
[]   \OT1/cmtt/m/n/10 -useAppDir Use application (system wide) installation dir
ectory. Note this requires[] 
 []


Overfull \hbox (111.74602pt too wide) in paragraph at lines 70--70
[]              \OT1/cmtt/m/n/10 writing rights to the application directory. I
f not specified, the user's[] 
 []


Overfull \hbox (116.99597pt too wide) in paragraph at lines 70--70
[]   \OT1/cmtt/m/n/10 -dir Install/uninstall add-on in directory <DIR>. This ov
errides the useAppDir option[] 
 []

[3 <./fileManageAddOns.png> <./addonmanager.png>] [4]
<sumOfLineageDurations.pdf, id=149, 903.375pt x 501.875pt>
File: sumOfLineageDurations.pdf Graphic file (type pdf)

<use sumOfLineageDurations.pdf>
Package pdftex.def Info: sumOfLineageDurations.pdf used on input line 95.
(pdftex.def)             Requested size: 341.5519pt x 189.74957pt.
 [5 <./sumOfLineageDurations.pdf>]
LaTeX Font Info:    Try loading font information for OMS+cmr on input line 112.


(/usr/local/texlive/2012/texmf-dist/tex/latex/base/omscmr.fd
File: omscmr.fd 1999/05/25 v2.5h Standard LaTeX font definitions
)
LaTeX Font Info:    Font shape `OMS/cmr/m/n' in size <10> not available
(Font)              Font shape `OMS/cmsy/m/n' tried instead on input line 112.
 [6] [7]
<samplingGap.pdf, id=236, 903.375pt x 501.875pt>
File: samplingGap.pdf Graphic file (type pdf)
 <use samplingGap.pdf>
Package pdftex.def Info: samplingGap.pdf used on input line 156.
(pdftex.def)             Requested size: 341.5519pt x 189.74957pt.
 [8 <./samplingGap.pdf>] [9] [10] <tree1.png, id=309, 542.025pt x 441.65pt>
File: tree1.png Graphic file (type png)

<use tree1.png>
Package pdftex.def Info: tree1.png used on input line 210.
(pdftex.def)             Requested size: 207.0021pt x 168.66437pt.
 [11 <./tree1.png>] <tree2.png, id=316, 542.025pt x 441.65pt>
File: tree2.png Graphic file (type png)

<use tree2.png>
Package pdftex.def Info: tree2.png used on input line 221.
(pdftex.def)             Requested size: 207.0021pt x 168.66437pt.
 <tree3.png, id=317, 542.025pt x 441.65pt>
File: tree3.png Graphic file (type png)
 <use tree3.png>
Package pdftex.def Info: tree3.png used on input line 229.
(pdftex.def)             Requested size: 207.0021pt x 168.66437pt.


LaTeX Warning: `!h' float specifier changed to `!ht'.

[12 <./tree2.png>] [13 <./tree3.png>] <ca.png, id=331, 822.272pt x 597.87pt>
File: ca.png Graphic file (type png)

<use ca.png>
Package pdftex.def Info: ca.png used on input line 247.
(pdftex.def)             Requested size: 345.0pt x 250.84824pt.
 <ca2.png, id=333, 822.272pt x 597.87pt>
File: ca2.png Graphic file (type png)
 <use ca2.png>
Package pdftex.def Info: ca2.png used on input line 256.
(pdftex.def)             Requested size: 345.0pt x 250.84824pt.
 [14 <./ca.png>] <help.png, id=341, 269.808pt x 208.5975pt>
File: help.png Graphic file (type png)
 <use help.png>
Package pdftex.def Info: help.png used on input line 260.
(pdftex.def)             Requested size: 120.7521pt x 93.35555pt.

<help2.png, id=342, 494.648pt x 294.82875pt>
File: help2.png Graphic file (type png)
 <use help2.png>
Package pdftex.def Info: help2.png used on input line 260.
(pdftex.def)             Requested size: 189.75105pt x 113.09778pt.

<fossilPriorsTab.png, id=343, 822.272pt x 630.72pt>
File: fossilPriorsTab.png Graphic file (type png)
 <use fossilPriorsTab.png>
Package pdftex.def Info: fossilPriorsTab.png used on input line 267.
(pdftex.def)             Requested size: 345.0pt x 138.28783pt.

[15 <./ca2.png> <./help.png> <./help2.png>]
<taxonSetDialog.png, id=353, 389.455pt x 251.3025pt>
File: taxonSetDialog.png Graphic file (type png)
 <use taxonSetDialog.png>
Package pdftex.def Info: taxonSetDialog.png used on input line 273.
(pdftex.def)             Requested size: 241.49895pt x 155.82893pt.

<fossilPriorsTab2.png, id=354, 822.272pt x 630.72pt>
File: fossilPriorsTab2.png Graphic file (type png)

<use fossilPriorsTab2.png>
Package pdftex.def Info: fossilPriorsTab2.png used on input line 275.
(pdftex.def)             Requested size: 345.0pt x 138.28783pt.
 [16 <./fossilPriorsTab.png> <./fossilPriorsTab2.png> <./taxonSetDialog.png>] <
preview.png, id=366, 822.272pt x 630.72pt>
File: preview.png Graphic file (type png)

<use preview.png>
Package pdftex.def Info: preview.png used on input line 286.
(pdftex.def)             Requested size: 345.0pt x 264.63112pt.
 <fossilPriorsTab3.png, id=368, 822.272pt x 630.72pt>
File: fossilPriorsTab3.png Graphic file (type png)

<use fossilPriorsTab3.png>
Package pdftex.def Info: fossilPriorsTab3.png used on input line 295.
(pdftex.def)             Requested size: 345.0pt x 138.28783pt.
 [17 <./preview.png>]
Underfull \hbox (badness 2662) in paragraph at lines 303--304
\OT1/cmr/m/n/10 phy-lo-ge-netic anal-y-ses of evo-lu-tion. Meth-ods in Ecol-ogy
 and Evo-
 []

[18 <./fossilPriorsTab3.png>]
Package atveryend Info: Empty hook `BeforeClearDocument' on input line 318.
 [19]
Package atveryend Info: Empty hook `AfterLastShipout' on input line 318.
 (./cladeage.aux)
Package atveryend Info: Executing hook `AtVeryEndDocument' on input line 318.
Package atveryend Info: Executing hook `AtEndAfterFileList' on input line 318.
Package rerunfilecheck Info: File `cladeage.out' has not changed.
(rerunfilecheck)             Checksum: 673AA4BC17A8D20910BCB7016B765DB0;1185.
Package atveryend Info: Empty hook `AtVeryVeryEnd' on input line 318.
 ) 
Here is how much of TeX's memory you used:
 5747 strings out of 493488
 83356 string characters out of 3141326
 169357 words of memory out of 3000000
 8938 multiletter control sequences out of 15000+200000
 10173 words of font info for 38 fonts, out of 3000000 for 9000
 957 hyphenation exceptions out of 8191
 29i,9n,28p,1871b,428s stack positions out of 5000i,500n,10000p,200000b,50000s
</usr/local/texlive/2012/texmf-dist/fonts/type1/public/amsfonts/cm/cmbx10.pfb
></usr/local/texlive/2012/texmf-dist/fonts/type1/public/amsfonts/cm/cmbx12.pfb>
</usr/local/texlive/2012/texmf-dist/fonts/type1/public/amsfonts/cm/cmex10.pfb><
/usr/local/texlive/2012/texmf-dist/fonts/type1/public/amsfonts/cm/cmmi10.pfb></
usr/local/texlive/2012/texmf-dist/fonts/type1/public/amsfonts/cm/cmmi5.pfb></us
r/local/texlive/2012/texmf-dist/fonts/type1/public/amsfonts/cm/cmmi7.pfb></usr/
local/texlive/2012/texmf-dist/fonts/type1/public/amsfonts/cm/cmr10.pfb></usr/lo
cal/texlive/2012/texmf-dist/fonts/type1/public/amsfonts/cm/cmr12.pfb></usr/loca
l/texlive/2012/texmf-dist/fonts/type1/public/amsfonts/cm/cmr17.pfb></usr/local/
texlive/2012/texmf-dist/fonts/type1/public/amsfonts/cm/cmr5.pfb></usr/local/tex
live/2012/texmf-dist/fonts/type1/public/amsfonts/cm/cmr6.pfb></usr/local/texliv
e/2012/texmf-dist/fonts/type1/public/amsfonts/cm/cmr7.pfb></usr/local/texlive/2
012/texmf-dist/fonts/type1/public/amsfonts/cm/cmr8.pfb></usr/local/texlive/2012
/texmf-dist/fonts/type1/public/amsfonts/cm/cmr9.pfb></usr/local/texlive/2012/te
xmf-dist/fonts/type1/public/amsfonts/cm/cmsy10.pfb></usr/local/texlive/2012/tex
mf-dist/fonts/type1/public/amsfonts/cm/cmsy5.pfb></usr/local/texlive/2012/texmf
-dist/fonts/type1/public/amsfonts/cm/cmsy7.pfb></usr/local/texlive/2012/texmf-d
ist/fonts/type1/public/amsfonts/cm/cmti10.pfb></usr/local/texlive/2012/texmf-di
st/fonts/type1/public/amsfonts/cm/cmtt10.pfb></usr/local/texlive/2012/texmf-dis
t/fonts/type1/public/amsfonts/cm/cmtt12.pfb></usr/local/texlive/2012/texmf-dist
/fonts/type1/public/amsfonts/cm/cmtt8.pfb>
Output written on cladeage.pdf (19 pages, 999805 bytes).
PDF statistics:
 514 PDF objects out of 1000 (max. 8388607)
 328 compressed objects within 4 object streams
 64 named destinations out of 1000 (max. 500000)
 279 words of extra memory for PDF output out of 10000 (max. 10000000)

